<?xml version="1.0" encoding="UTF-8"?>
<testsuite xmlns:xsi="http://www.w3.org/2001/XMLSchema-instance" xsi:noNamespaceSchemaLocation="https://maven.apache.org/surefire/maven-surefire-plugin/xsd/surefire-test-report-3.0.xsd" version="3.0" name="com.Minutes.microservices.currencyexchangeservice.CurrencyExchangeServiceApplicationTests" time="4.248" tests="1" errors="0" skipped="0" failures="0">
  <properties>
[...]
</properties>
  <testcase name="contextLoads" classname="com.Minutes.microservices.currencyexchangeservice.CurrencyExchangeServiceApplicationTests" time="0.361">
    <system-out><![CDATA[15:44:23.556 [main] INFO org.springframework.test.context.support.AnnotationConfigContextLoaderUtils -- Could not detect default configuration classes for test class [com.Minutes.microservices.currencyexchangeservice.CurrencyExchangeServiceApplicationTests]: CurrencyExchangeServiceApplicationTests does not declare any static, non-private, non-final, nested classes annotated with @Configuration.
15:44:23.618 [main] INFO org.springframework.boot.test.context.SpringBootTestContextBootstrapper -- Found @SpringBootConfiguration com.Minutes.microservices.currencyexchangeservice.CurrencyExchangeServiceApplication for test class com.Minutes.microservices.currencyexchangeservice.CurrencyExchangeServiceApplicationTests
15:44:23.709 [main] INFO org.springframework.boot.devtools.restart.RestartApplicationListener -- Restart disabled due to context in which it is running

  .   ____          _            __ _ _
 /\\ / ___'_ __ _ _(_)_ __  __ _ \ \ \ \
( ( )\___ | '_ | '_| | '_ \/ _` | \ \ \ \
 \\/  ___)| |_)| | | | | || (_| |  ) ) ) )
  '  |____| .__|_| |_|_| |_\__, | / / / /
 =========|_|==============|___/=/_/_/_/
 :: Spring Boot ::                (v3.2.3)

2024-03-15T15:44:24.089-04:00  INFO [currency-exchange,,] 34524 --- [currency-exchange] [           main] [                                                 ] .CurrencyExchangeServiceApplicationTests : Starting CurrencyExchangeServiceApplicationTests using Java 17.0.7 with PID 34524 (started by jibinjose in /Users/jibinjose/Neena_Learnings/currency-exchange-service)
2024-03-15T15:44:24.090-04:00  INFO [currency-exchange,,] 34524 --- [currency-exchange] [           main] [                                                 ] .CurrencyExchangeServiceApplicationTests : No active profile set, falling back to 1 default profile: "default"
2024-03-15T15:44:24.105-04:00  INFO [currency-exchange,,] 34524 --- [currency-exchange] [           main] [                                                 ] o.s.c.c.c.ConfigServerConfigDataLoader   : Fetching config from server at : http://localhost:8888
2024-03-15T15:44:24.106-04:00  INFO [currency-exchange,,] 34524 --- [currency-exchange] [           main] [                                                 ] o.s.c.c.c.ConfigServerConfigDataLoader   : Exception on Url - http://localhost:8888:org.springframework.web.client.ResourceAccessException: I/O error on GET request for "http://localhost:8888/currency-exchange/default": Connection refused. Will be trying the next url if available
2024-03-15T15:44:24.106-04:00  WARN [currency-exchange,,] 34524 --- [currency-exchange] [           main] [                                                 ] o.s.c.c.c.ConfigServerConfigDataLoader   : Could not locate PropertySource ([ConfigServerConfigDataResource@4e904fd5 uris = array<String>['http://localhost:8888'], optional = true, profiles = 'default']): I/O error on GET request for "http://localhost:8888/currency-exchange/default": Connection refused
2024-03-15T15:44:24.106-04:00  INFO [currency-exchange,,] 34524 --- [currency-exchange] [           main] [                                                 ] o.s.c.c.c.ConfigServerConfigDataLoader   : Fetching config from server at : http://localhost:8888
2024-03-15T15:44:24.106-04:00  INFO [currency-exchange,,] 34524 --- [currency-exchange] [           main] [                                                 ] o.s.c.c.c.ConfigServerConfigDataLoader   : Exception on Url - http://localhost:8888:org.springframework.web.client.ResourceAccessException: I/O error on GET request for "http://localhost:8888/currency-exchange/default": Connection refused. Will be trying the next url if available
2024-03-15T15:44:24.106-04:00  WARN [currency-exchange,,] 34524 --- [currency-exchange] [           main] [                                                 ] o.s.c.c.c.ConfigServerConfigDataLoader   : Could not locate PropertySource ([ConfigServerConfigDataResource@4f63e3c7 uris = array<String>['http://localhost:8888'], optional = true, profiles = 'default']): I/O error on GET request for "http://localhost:8888/currency-exchange/default": Connection refused
2024-03-15T15:44:24.106-04:00  INFO [currency-exchange,,] 34524 --- [currency-exchange] [           main] [                                                 ] o.s.c.c.c.ConfigServerConfigDataLoader   : Fetching config from server at : http://localhost:8888
2024-03-15T15:44:24.106-04:00  INFO [currency-exchange,,] 34524 --- [currency-exchange] [           main] [                                                 ] o.s.c.c.c.ConfigServerConfigDataLoader   : Exception on Url - http://localhost:8888:org.springframework.web.client.ResourceAccessException: I/O error on GET request for "http://localhost:8888/currency-exchange/default": Connection refused. Will be trying the next url if available
2024-03-15T15:44:24.106-04:00  WARN [currency-exchange,,] 34524 --- [currency-exchange] [           main] [                                                 ] o.s.c.c.c.ConfigServerConfigDataLoader   : Could not locate PropertySource ([ConfigServerConfigDataResource@59532566 uris = array<String>['http://localhost:8888'], optional = true, profiles = 'default']): I/O error on GET request for "http://localhost:8888/currency-exchange/default": Connection refused
2024-03-15T15:44:24.610-04:00  INFO [currency-exchange,,] 34524 --- [currency-exchange] [           main] [                                                 ] .s.d.r.c.RepositoryConfigurationDelegate : Bootstrapping Spring Data JPA repositories in DEFAULT mode.
2024-03-15T15:44:24.689-04:00  INFO [currency-exchange,,] 34524 --- [currency-exchange] [           main] [                                                 ] .s.d.r.c.RepositoryConfigurationDelegate : Finished Spring Data repository scanning in 74 ms. Found 1 JPA repository interface.
2024-03-15T15:44:24.819-04:00  INFO [currency-exchange,,] 34524 --- [currency-exchange] [           main] [                                                 ] o.s.cloud.context.scope.GenericScope     : BeanFactory id=3e942aef-f1b6-3605-becb-d753049e68ba
2024-03-15T15:44:24.996-04:00  WARN [currency-exchange,,] 34524 --- [currency-exchange] [           main] [                                                 ] trationDelegate$BeanPostProcessorChecker : Bean 'org.springframework.cloud.client.loadbalancer.LoadBalancerAutoConfiguration$LoadBalancerInterceptorConfig' of type [org.springframework.cloud.client.loadbalancer.LoadBalancerAutoConfiguration$LoadBalancerInterceptorConfig] is not eligible for getting processed by all BeanPostProcessors (for example: not eligible for auto-proxying). The currently created BeanPostProcessor [lbRestClientPostProcessor] is declared through a non-static factory method on that class; consider declaring it as static instead.
2024-03-15T15:44:24.998-04:00  WARN [currency-exchange,,] 34524 --- [currency-exchange] [           main] [                                                 ] trationDelegate$BeanPostProcessorChecker : Bean 'org.springframework.cloud.loadbalancer.config.BlockingLoadBalancerClientAutoConfiguration' of type [org.springframework.cloud.loadbalancer.config.BlockingLoadBalancerClientAutoConfiguration] is not eligible for getting processed by all BeanPostProcessors (for example: not eligible for auto-proxying). Is this bean getting eagerly injected into a currently created BeanPostProcessor [lbRestClientPostProcessor]? Check the corresponding BeanPostProcessor declaration and its dependencies.
2024-03-15T15:44:25.000-04:00  WARN [currency-exchange,,] 34524 --- [currency-exchange] [           main] [                                                 ] trationDelegate$BeanPostProcessorChecker : Bean 'org.springframework.cloud.loadbalancer.config.LoadBalancerAutoConfiguration' of type [org.springframework.cloud.loadbalancer.config.LoadBalancerAutoConfiguration] is not eligible for getting processed by all BeanPostProcessors (for example: not eligible for auto-proxying). Is this bean getting eagerly injected into a currently created BeanPostProcessor [lbRestClientPostProcessor]? Check the corresponding BeanPostProcessor declaration and its dependencies.
2024-03-15T15:44:25.006-04:00  WARN [currency-exchange,,] 34524 --- [currency-exchange] [           main] [                                                 ] trationDelegate$BeanPostProcessorChecker : Bean 'org.springframework.cloud.commons.config.CommonsConfigAutoConfiguration' of type [org.springframework.cloud.commons.config.CommonsConfigAutoConfiguration] is not eligible for getting processed by all BeanPostProcessors (for example: not eligible for auto-proxying). Is this bean getting eagerly injected into a currently created BeanPostProcessor [lbRestClientPostProcessor]? Check the corresponding BeanPostProcessor declaration and its dependencies.
2024-03-15T15:44:25.008-04:00  WARN [currency-exchange,,] 34524 --- [currency-exchange] [           main] [                                                 ] trationDelegate$BeanPostProcessorChecker : Bean 'org.springframework.cloud.client.loadbalancer.LoadBalancerDefaultMappingsProviderAutoConfiguration' of type [org.springframework.cloud.client.loadbalancer.LoadBalancerDefaultMappingsProviderAutoConfiguration] is not eligible for getting processed by all BeanPostProcessors (for example: not eligible for auto-proxying). Is this bean getting eagerly injected into a currently created BeanPostProcessor [lbRestClientPostProcessor]? Check the corresponding BeanPostProcessor declaration and its dependencies.
2024-03-15T15:44:25.009-04:00  WARN [currency-exchange,,] 34524 --- [currency-exchange] [           main] [                                                 ] trationDelegate$BeanPostProcessorChecker : Bean 'loadBalancerClientsDefaultsMappingsProvider' of type [org.springframework.cloud.client.loadbalancer.LoadBalancerDefaultMappingsProviderAutoConfiguration$$Lambda$1011/0x00000008010fc5a0] is not eligible for getting processed by all BeanPostProcessors (for example: not eligible for auto-proxying). Is this bean getting eagerly injected into a currently created BeanPostProcessor [lbRestClientPostProcessor]? Check the corresponding BeanPostProcessor declaration and its dependencies.
2024-03-15T15:44:25.011-04:00  WARN [currency-exchange,,] 34524 --- [currency-exchange] [           main] [                                                 ] trationDelegate$BeanPostProcessorChecker : Bean 'defaultsBindHandlerAdvisor' of type [org.springframework.cloud.commons.config.DefaultsBindHandlerAdvisor] is not eligible for getting processed by all BeanPostProcessors (for example: not eligible for auto-proxying). Is this bean getting eagerly injected into a currently created BeanPostProcessor [lbRestClientPostProcessor]? Check the corresponding BeanPostProcessor declaration and its dependencies.
2024-03-15T15:44:25.016-04:00  WARN [currency-exchange,,] 34524 --- [currency-exchange] [           main] [                                                 ] trationDelegate$BeanPostProcessorChecker : Bean 'spring.cloud.loadbalancer-org.springframework.cloud.client.loadbalancer.LoadBalancerClientsProperties' of type [org.springframework.cloud.client.loadbalancer.LoadBalancerClientsProperties] is not eligible for getting processed by all BeanPostProcessors (for example: not eligible for auto-proxying). Is this bean getting eagerly injected into a currently created BeanPostProcessor [lbRestClientPostProcessor]? Check the corresponding BeanPostProcessor declaration and its dependencies.
2024-03-15T15:44:25.021-04:00  WARN [currency-exchange,,] 34524 --- [currency-exchange] [           main] [                                                 ] trationDelegate$BeanPostProcessorChecker : Bean 'default.org.springframework.cloud.loadbalancer.config.LoadBalancerAutoConfiguration.LoadBalancerClientSpecification' of type [org.springframework.cloud.loadbalancer.annotation.LoadBalancerClientSpecification] is not eligible for getting processed by all BeanPostProcessors (for example: not eligible for auto-proxying). Is this bean getting eagerly injected into a currently created BeanPostProcessor [lbRestClientPostProcessor]? Check the corresponding BeanPostProcessor declaration and its dependencies.
2024-03-15T15:44:25.023-04:00  WARN [currency-exchange,,] 34524 --- [currency-exchange] [           main] [                                                 ] trationDelegate$BeanPostProcessorChecker : Bean 'default.org.springframework.cloud.loadbalancer.config.BlockingLoadBalancerClientAutoConfiguration.LoadBalancerClientSpecification' of type [org.springframework.cloud.loadbalancer.annotation.LoadBalancerClientSpecification] is not eligible for getting processed by all BeanPostProcessors (for example: not eligible for auto-proxying). Is this bean getting eagerly injected into a currently created BeanPostProcessor [lbRestClientPostProcessor]? Check the corresponding BeanPostProcessor declaration and its dependencies.
2024-03-15T15:44:25.023-04:00  WARN [currency-exchange,,] 34524 --- [currency-exchange] [           main] [                                                 ] trationDelegate$BeanPostProcessorChecker : Bean 'default.org.springframework.cloud.netflix.eureka.loadbalancer.LoadBalancerEurekaAutoConfiguration.LoadBalancerClientSpecification' of type [org.springframework.cloud.loadbalancer.annotation.LoadBalancerClientSpecification] is not eligible for getting processed by all BeanPostProcessors (for example: not eligible for auto-proxying). Is this bean getting eagerly injected into a currently created BeanPostProcessor [lbRestClientPostProcessor]? Check the corresponding BeanPostProcessor declaration and its dependencies.
2024-03-15T15:44:25.024-04:00  WARN [currency-exchange,,] 34524 --- [currency-exchange] [           main] [                                                 ] trationDelegate$BeanPostProcessorChecker : Bean 'loadBalancerClientFactory' of type [org.springframework.cloud.loadbalancer.support.LoadBalancerClientFactory] is not eligible for getting processed by all BeanPostProcessors (for example: not eligible for auto-proxying). Is this bean getting eagerly injected into a currently created BeanPostProcessor [lbRestClientPostProcessor]? Check the corresponding BeanPostProcessor declaration and its dependencies.
2024-03-15T15:44:25.028-04:00  WARN [currency-exchange,,] 34524 --- [currency-exchange] [           main] [                                                 ] trationDelegate$BeanPostProcessorChecker : Bean 'blockingLoadBalancerClient' of type [org.springframework.cloud.loadbalancer.blocking.client.BlockingLoadBalancerClient] is not eligible for getting processed by all BeanPostProcessors (for example: not eligible for auto-proxying). Is this bean getting eagerly injected into a currently created BeanPostProcessor [lbRestClientPostProcessor]? Check the corresponding BeanPostProcessor declaration and its dependencies.
2024-03-15T15:44:25.035-04:00  WARN [currency-exchange,,] 34524 --- [currency-exchange] [           main] [                                                 ] trationDelegate$BeanPostProcessorChecker : Bean 'loadBalancerServiceInstanceCookieTransformer' of type [org.springframework.cloud.loadbalancer.core.LoadBalancerServiceInstanceCookieTransformer] is not eligible for getting processed by all BeanPostProcessors (for example: not eligible for auto-proxying). Is this bean getting eagerly injected into a currently created BeanPostProcessor [lbRestClientPostProcessor]? Check the corresponding BeanPostProcessor declaration and its dependencies.
2024-03-15T15:44:25.036-04:00  WARN [currency-exchange,,] 34524 --- [currency-exchange] [           main] [                                                 ] trationDelegate$BeanPostProcessorChecker : Bean 'xForwarderHeadersTransformer' of type [org.springframework.cloud.loadbalancer.blocking.XForwardedHeadersTransformer] is not eligible for getting processed by all BeanPostProcessors (for example: not eligible for auto-proxying). Is this bean getting eagerly injected into a currently created BeanPostProcessor [lbRestClientPostProcessor]? Check the corresponding BeanPostProcessor declaration and its dependencies.
2024-03-15T15:44:25.037-04:00  WARN [currency-exchange,,] 34524 --- [currency-exchange] [           main] [                                                 ] trationDelegate$BeanPostProcessorChecker : Bean 'org.springframework.cloud.client.loadbalancer.LoadBalancerAutoConfiguration' of type [org.springframework.cloud.client.loadbalancer.LoadBalancerAutoConfiguration] is not eligible for getting processed by all BeanPostProcessors (for example: not eligible for auto-proxying). Is this bean getting eagerly injected into a currently created BeanPostProcessor [lbRestClientPostProcessor]? Check the corresponding BeanPostProcessor declaration and its dependencies.
2024-03-15T15:44:25.038-04:00  WARN [currency-exchange,,] 34524 --- [currency-exchange] [           main] [                                                 ] trationDelegate$BeanPostProcessorChecker : Bean 'loadBalancerRequestFactory' of type [org.springframework.cloud.client.loadbalancer.LoadBalancerRequestFactory] is not eligible for getting processed by all BeanPostProcessors (for example: not eligible for auto-proxying). Is this bean getting eagerly injected into a currently created BeanPostProcessor [lbRestClientPostProcessor]? Check the corresponding BeanPostProcessor declaration and its dependencies.
2024-03-15T15:44:25.039-04:00  WARN [currency-exchange,,] 34524 --- [currency-exchange] [           main] [                                                 ] trationDelegate$BeanPostProcessorChecker : Bean 'loadBalancerInterceptor' of type [org.springframework.cloud.client.loadbalancer.LoadBalancerInterceptor] is not eligible for getting processed by all BeanPostProcessors (for example: not eligible for auto-proxying). Is this bean getting eagerly injected into a currently created BeanPostProcessor [lbRestClientPostProcessor]? Check the corresponding BeanPostProcessor declaration and its dependencies.
2024-03-15T15:44:25.106-04:00  INFO [currency-exchange,,] 34524 --- [currency-exchange] [           main] [                                                 ] com.zaxxer.hikari.HikariDataSource       : HikariPool-1 - Starting...
2024-03-15T15:44:25.228-04:00  INFO [currency-exchange,,] 34524 --- [currency-exchange] [           main] [                                                 ] com.zaxxer.hikari.pool.HikariPool        : HikariPool-1 - Added connection conn0: url=jdbc:h2:mem:testdb user=SA
2024-03-15T15:44:25.229-04:00  INFO [currency-exchange,,] 34524 --- [currency-exchange] [           main] [                                                 ] com.zaxxer.hikari.HikariDataSource       : HikariPool-1 - Start completed.
2024-03-15T15:44:25.270-04:00  INFO [currency-exchange,,] 34524 --- [currency-exchange] [           main] [                                                 ] o.hibernate.jpa.internal.util.LogHelper  : HHH000204: Processing PersistenceUnitInfo [name: default]
2024-03-15T15:44:25.307-04:00  INFO [currency-exchange,,] 34524 --- [currency-exchange] [           main] [                                                 ] org.hibernate.Version                    : HHH000412: Hibernate ORM core version 6.4.4.Final
2024-03-15T15:44:25.327-04:00  INFO [currency-exchange,,] 34524 --- [currency-exchange] [           main] [                                                 ] o.h.c.internal.RegionFactoryInitiator    : HHH000026: Second-level cache disabled
2024-03-15T15:44:25.463-04:00  INFO [currency-exchange,,] 34524 --- [currency-exchange] [           main] [                                                 ] o.s.o.j.p.SpringPersistenceUnitInfo      : No LoadTimeWeaver setup: ignoring JPA class transformer
2024-03-15T15:44:25.938-04:00  INFO [currency-exchange,,] 34524 --- [currency-exchange] [           main] [                                                 ] o.h.e.t.j.p.i.JtaPlatformInitiator       : HHH000489: No JTA platform available (set 'hibernate.transaction.jta.platform' to enable JTA platform integration)
Hibernate: drop table if exists currency_exchange cascade 
Hibernate: create table currency_exchange (conversion_multiple numeric(38,2), id bigint not null, currency_from varchar(255), currency_to varchar(255), environment varchar(255), primary key (id))
2024-03-15T15:44:25.955-04:00  INFO [currency-exchange,,] 34524 --- [currency-exchange] [           main] [                                                 ] j.LocalContainerEntityManagerFactoryBean : Initialized JPA EntityManagerFactory for persistence unit 'default'
2024-03-15T15:44:26.265-04:00  WARN [currency-exchange,,] 34524 --- [currency-exchange] [           main] [                                                 ] JpaBaseConfiguration$JpaWebConfiguration : spring.jpa.open-in-view is enabled by default. Therefore, database queries may be performed during view rendering. Explicitly configure spring.jpa.open-in-view to disable this warning
2024-03-15T15:44:26.928-04:00  INFO [currency-exchange,,] 34524 --- [currency-exchange] [           main] [                                                 ] o.s.b.a.h2.H2ConsoleAutoConfiguration    : H2 console available at '/h2-console'. Database available at 'jdbc:h2:mem:testdb'
2024-03-15T15:44:26.973-04:00  INFO [currency-exchange,,] 34524 --- [currency-exchange] [           main] [                                                 ] DiscoveryClientOptionalArgsConfiguration : Eureka HTTP Client uses RestTemplate.
2024-03-15T15:44:26.992-04:00  WARN [currency-exchange,,] 34524 --- [currency-exchange] [           main] [                                                 ] iguration$LoadBalancerCaffeineWarnLogger : Spring Cloud LoadBalancer is currently working with the default cache. While this cache implementation is useful for development and tests, it's recommended to use Caffeine cache in production.You can switch to using Caffeine cache, by adding it and org.springframework.cache.caffeine.CaffeineCacheManager to the classpath.
2024-03-15T15:44:26.998-04:00  INFO [currency-exchange,,] 34524 --- [currency-exchange] [           main] [                                                 ] o.s.b.a.e.web.EndpointLinksResolver      : Exposing 1 endpoint(s) beneath base path '/actuator'
2024-03-15T15:44:27.040-04:00  INFO [currency-exchange,,] 34524 --- [currency-exchange] [           main] [                                                 ] o.s.c.n.eureka.InstanceInfoFactory       : Setting initial instance status as: STARTING
2024-03-15T15:44:27.078-04:00  INFO [currency-exchange,,] 34524 --- [currency-exchange] [           main] [                                                 ] com.netflix.discovery.DiscoveryClient    : Initializing Eureka in region us-east-1
2024-03-15T15:44:27.081-04:00  INFO [currency-exchange,,] 34524 --- [currency-exchange] [           main] [                                                 ] c.n.d.s.r.aws.ConfigClusterResolver      : Resolving eureka endpoints via configuration
2024-03-15T15:44:27.093-04:00  INFO [currency-exchange,,] 34524 --- [currency-exchange] [           main] [                                                 ] com.netflix.discovery.DiscoveryClient    : Disable delta property : false
2024-03-15T15:44:27.093-04:00  INFO [currency-exchange,,] 34524 --- [currency-exchange] [           main] [                                                 ] com.netflix.discovery.DiscoveryClient    : Single vip registry refresh property : null
2024-03-15T15:44:27.094-04:00  INFO [currency-exchange,,] 34524 --- [currency-exchange] [           main] [                                                 ] com.netflix.discovery.DiscoveryClient    : Force full registry fetch : false
2024-03-15T15:44:27.094-04:00  INFO [currency-exchange,,] 34524 --- [currency-exchange] [           main] [                                                 ] com.netflix.discovery.DiscoveryClient    : Application is null : false
2024-03-15T15:44:27.094-04:00  INFO [currency-exchange,,] 34524 --- [currency-exchange] [           main] [                                                 ] com.netflix.discovery.DiscoveryClient    : Registered Applications size is zero : true
2024-03-15T15:44:27.094-04:00  INFO [currency-exchange,,] 34524 --- [currency-exchange] [           main] [                                                 ] com.netflix.discovery.DiscoveryClient    : Application version is -1: true
2024-03-15T15:44:27.094-04:00  INFO [currency-exchange,,] 34524 --- [currency-exchange] [           main] [                                                 ] com.netflix.discovery.DiscoveryClient    : Getting all instance registry info from the eureka server
2024-03-15T15:44:27.298-04:00  INFO [currency-exchange,,] 34524 --- [currency-exchange] [           main] [                                                 ] com.netflix.discovery.DiscoveryClient    : The response status is 200
2024-03-15T15:44:27.299-04:00  INFO [currency-exchange,,] 34524 --- [currency-exchange] [           main] [                                                 ] com.netflix.discovery.DiscoveryClient    : Starting heartbeat executor: renew interval is: 30
2024-03-15T15:44:27.300-04:00  INFO [currency-exchange,,] 34524 --- [currency-exchange] [           main] [                                                 ] c.n.discovery.InstanceInfoReplicator     : InstanceInfoReplicator onDemand update allowed rate per min is 4
2024-03-15T15:44:27.303-04:00  INFO [currency-exchange,,] 34524 --- [currency-exchange] [           main] [                                                 ] com.netflix.discovery.DiscoveryClient    : Discovery Client initialized at timestamp 1710531867302 with initial instances count: 0
2024-03-15T15:44:27.306-04:00  INFO [currency-exchange,,] 34524 --- [currency-exchange] [           main] [                                                 ] o.s.c.n.e.s.EurekaServiceRegistry        : Registering application CURRENCY-EXCHANGE with eureka with status UP
2024-03-15T15:44:27.306-04:00  INFO [currency-exchange,,] 34524 --- [currency-exchange] [           main] [                                                 ] com.netflix.discovery.DiscoveryClient    : Saw local status change event StatusChangeEvent [timestamp=1710531867306, current=UP, previous=STARTING]
2024-03-15T15:44:27.307-04:00  INFO [currency-exchange,,] 34524 --- [currency-exchange] [nfoReplicator-0] [                                                 ] com.netflix.discovery.DiscoveryClient    : DiscoveryClient_CURRENCY-EXCHANGE/jibins-mbp.lan:currency-exchange:8000: registering service...
2024-03-15T15:44:27.332-04:00  INFO [currency-exchange,,] 34524 --- [currency-exchange] [           main] [                                                 ] .CurrencyExchangeServiceApplicationTests : Started CurrencyExchangeServiceApplicationTests in 3.633 seconds (process running for 4.194)
2024-03-15T15:44:27.386-04:00  INFO [currency-exchange,,] 34524 --- [currency-exchange] [nfoReplicator-0] [                                                 ] com.netflix.discovery.DiscoveryClient    : DiscoveryClient_CURRENCY-EXCHANGE/jibins-mbp.lan:currency-exchange:8000 - registration status: 204
]]></system-out>
  </testcase>
</testsuite>